# JRE version: Java(TM) SE Runtime Environment (8.0_231-b11) (build 1.8.0_231-b11)
# Java VM: Java HotSpot(TM) 64-Bit Server VM (25.231-b11 mixed mode windows-amd64 compressed oops)
Heap:
 PSYoungGen      total 161280K, used 4491K [0x00000000d6580000, 0x00000000e1300000, 0x0000000100000000)
  eden space 146944K, 0% used [0x00000000d6580000,0x00000000d6580000,0x00000000df500000)
  from space 14336K, 31% used [0x00000000e0300000,0x00000000e0762f20,0x00000000e1100000)
  to   space 14336K, 0% used [0x00000000df500000,0x00000000df500000,0x00000000e0300000)
 ParOldGen       total 69120K, used 35297K [0x0000000083000000, 0x0000000087380000, 0x00000000d6580000)
  object space 69120K, 51% used [0x0000000083000000,0x00000000852785d8,0x0000000087380000)
 Metaspace       used 38105K, capacity 40366K, committed 40704K, reserved 1083392K
  class space    used 4879K, capacity 5876K, committed 5888K, reserved 1048576K
GC Heap History (10 events):
Event: 18.175 GC heap after
Heap after GC invocations=24 (full 2):
 PSYoungGen      total 161280K, used 2404K [0x00000000d6580000, 0x00000000e1300000, 0x0000000100000000)
  eden space 146944K, 0% used [0x00000000d6580000,0x00000000d6580000,0x00000000df500000)
  from space 14336K, 16% used [0x00000000e0300000,0x00000000e0559038,0x00000000e1100000)
  to   space 14336K, 0% used [0x00000000df500000,0x00000000df500000,0x00000000e0300000)
 ParOldGen       total 69120K, used 33961K [0x0000000083000000, 0x0000000087380000, 0x00000000d6580000)
  object space 69120K, 49% used [0x0000000083000000,0x000000008512a5b8,0x0000000087380000)
 Metaspace       used 36313K, capacity 38668K, committed 39040K, reserved 1083392K
  class space    used 4634K, capacity 5679K, committed 5760K, reserved 1048576K
}
Event: 18.223 GC heap before
{Heap before GC invocations=25 (full 2):
 PSYoungGen      total 161280K, used 149348K [0x00000000d6580000, 0x00000000e1300000, 0x0000000100000000)
  eden space 146944K, 100% used [0x00000000d6580000,0x00000000df500000,0x00000000df500000)
  from space 14336K, 16% used [0x00000000e0300000,0x00000000e0559038,0x00000000e1100000)
  to   space 14336K, 0% used [0x00000000df500000,0x00000000df500000,0x00000000e0300000)
 ParOldGen       total 69120K, used 33961K [0x0000000083000000, 0x0000000087380000, 0x00000000d6580000)
  object space 69120K, 49% used [0x0000000083000000,0x000000008512a5b8,0x0000000087380000)
 Metaspace       used 36316K, capacity 38668K, committed 39040K, reserved 1083392K
  class space    used 4634K, capacity 5679K, committed 5760K, reserved 1048576K
Event: 18.225 GC heap after
Heap after GC invocations=25 (full 2):
 PSYoungGen      total 161280K, used 320K [0x00000000d6580000, 0x00000000e1300000, 0x0000000100000000)
  eden space 146944K, 0% used [0x00000000d6580000,0x00000000d6580000,0x00000000df500000)
  from space 14336K, 2% used [0x00000000df500000,0x00000000df550000,0x00000000e0300000)
  to   space 14336K, 0% used [0x00000000e0300000,0x00000000e0300000,0x00000000e1100000)
 ParOldGen       total 69120K, used 35209K [0x0000000083000000, 0x0000000087380000, 0x00000000d6580000)
  object space 69120K, 50% used [0x0000000083000000,0x00000000852625d8,0x0000000087380000)
 Metaspace       used 36316K, capacity 38668K, committed 39040K, reserved 1083392K
  class space    used 4634K, capacity 5679K, committed 5760K, reserved 1048576K
}
Event: 18.252 GC heap before
{Heap before GC invocations=26 (full 2):
 PSYoungGen      total 161280K, used 147264K [0x00000000d6580000, 0x00000000e1300000, 0x0000000100000000)
  eden space 146944K, 100% used [0x00000000d6580000,0x00000000df500000,0x00000000df500000)
  from space 14336K, 2% used [0x00000000df500000,0x00000000df550000,0x00000000e0300000)
  to   space 14336K, 0% used [0x00000000e0300000,0x00000000e0300000,0x00000000e1100000)
 ParOldGen       total 69120K, used 35209K [0x0000000083000000, 0x0000000087380000, 0x00000000d6580000)
  object space 69120K, 50% used [0x0000000083000000,0x00000000852625d8,0x0000000087380000)
 Metaspace       used 36317K, capacity 38668K, committed 39040K, reserved 1083392K
  class space    used 4634K, capacity 5679K, committed 5760K, reserved 1048576K
Event: 18.254 GC heap after
Heap after GC invocations=26 (full 2):
 PSYoungGen      total 161280K, used 320K [0x00000000d6580000, 0x00000000e1300000, 0x0000000100000000)
  eden space 146944K, 0% used [0x00000000d6580000,0x00000000d6580000,0x00000000df500000)
  from space 14336K, 2% used [0x00000000e0300000,0x00000000e0350000,0x00000000e1100000)
  to   space 14336K, 0% used [0x00000000df500000,0x00000000df500000,0x00000000e0300000)
 ParOldGen       total 69120K, used 35241K [0x0000000083000000, 0x0000000087380000, 0x00000000d6580000)
  object space 69120K, 50% used [0x0000000083000000,0x000000008526a5d8,0x0000000087380000)
 Metaspace       used 36317K, capacity 38668K, committed 39040K, reserved 1083392K
  class space    used 4634K, capacity 5679K, committed 5760K, reserved 1048576K
}
Event: 18.273 GC heap before
{Heap before GC invocations=27 (full 2):
 PSYoungGen      total 161280K, used 147264K [0x00000000d6580000, 0x00000000e1300000, 0x0000000100000000)
  eden space 146944K, 100% used [0x00000000d6580000,0x00000000df500000,0x00000000df500000)
  from space 14336K, 2% used [0x00000000e0300000,0x00000000e0350000,0x00000000e1100000)
  to   space 14336K, 0% used [0x00000000df500000,0x00000000df500000,0x00000000e0300000)
 ParOldGen       total 69120K, used 35241K [0x0000000083000000, 0x0000000087380000, 0x00000000d6580000)
  object space 69120K, 50% used [0x0000000083000000,0x000000008526a5d8,0x0000000087380000)
 Metaspace       used 36317K, capacity 38668K, committed 39040K, reserved 1083392K
  class space    used 4634K, capacity 5679K, committed 5760K, reserved 1048576K
Event: 18.274 GC heap after
Heap after GC invocations=27 (full 2):
 PSYoungGen      total 161280K, used 384K [0x00000000d6580000, 0x00000000e1300000, 0x0000000100000000)
  eden space 146944K, 0% used [0x00000000d6580000,0x00000000d6580000,0x00000000df500000)
  from space 14336K, 2% used [0x00000000df500000,0x00000000df560000,0x00000000e0300000)
  to   space 14336K, 0% used [0x00000000e0300000,0x00000000e0300000,0x00000000e1100000)
 ParOldGen       total 69120K, used 35281K [0x0000000083000000, 0x0000000087380000, 0x00000000d6580000)
  object space 69120K, 51% used [0x0000000083000000,0x00000000852745d8,0x0000000087380000)
 Metaspace       used 36317K, capacity 38668K, committed 39040K, reserved 1083392K
  class space    used 4634K, capacity 5679K, committed 5760K, reserved 1048576K
}
Event: 18.616 GC heap before
{Heap before GC invocations=28 (full 2):
 PSYoungGen      total 161280K, used 146668K [0x00000000d6580000, 0x00000000e1300000, 0x0000000100000000)
  eden space 146944K, 99% used [0x00000000d6580000,0x00000000df45b3f8,0x00000000df500000)
  from space 14336K, 2% used [0x00000000df500000,0x00000000df560000,0x00000000e0300000)
  to   space 14336K, 0% used [0x00000000e0300000,0x00000000e0300000,0x00000000e1100000)
 ParOldGen       total 69120K, used 35281K [0x0000000083000000, 0x0000000087380000, 0x00000000d6580000)
  object space 69120K, 51% used [0x0000000083000000,0x00000000852745d8,0x0000000087380000)
 Metaspace       used 38105K, capacity 40366K, committed 40704K, reserved 1083392K
  class space    used 4879K, capacity 5876K, committed 5888K, reserved 1048576K
Event: 18.620 GC heap after
Heap after GC invocations=28 (full 2):
 PSYoungGen      total 161280K, used 4491K [0x00000000d6580000, 0x00000000e1300000, 0x0000000100000000)
  eden space 146944K, 0% used [0x00000000d6580000,0x00000000d6580000,0x00000000df500000)
  from space 14336K, 31% used [0x00000000e0300000,0x00000000e0762f20,0x00000000e1100000)
  to   space 14336K, 0% used [0x00000000df500000,0x00000000df500000,0x00000000e0300000)
 ParOldGen       total 69120K, used 35297K [0x0000000083000000, 0x0000000087380000, 0x00000000d6580000)
  object space 69120K, 51% used [0x0000000083000000,0x00000000852785d8,0x0000000087380000)
 Metaspace       used 38105K, capacity 40366K, committed 40704K, reserved 1083392K
  class space    used 4879K, capacity 5876K, committed 5888K, reserved 1048576K
}
Event: 18.620 GC heap before
{Heap before GC invocations=29 (full 3):
 PSYoungGen      total 161280K, used 4491K [0x00000000d6580000, 0x00000000e1300000, 0x0000000100000000)
  eden space 146944K, 0% used [0x00000000d6580000,0x00000000d6580000,0x00000000df500000)
  from space 14336K, 31% used [0x00000000e0300000,0x00000000e0762f20,0x00000000e1100000)
  to   space 14336K, 0% used [0x00000000df500000,0x00000000df500000,0x00000000e0300000)
 ParOldGen       total 69120K, used 35297K [0x0000000083000000, 0x0000000087380000, 0x00000000d6580000)
  object space 69120K, 51% used [0x0000000083000000,0x00000000852785d8,0x0000000087380000)
 Metaspace       used 38105K, capacity 40366K, committed 40704K, reserved 1083392K
  class space    used 4879K, capacity 5876K, committed 5888K, reserved 1048576K

