# JRE version: Java(TM) SE Runtime Environment (8.0_231-b11) (build 1.8.0_231-b11)
# Java VM: Java HotSpot(TM) 64-Bit Server VM (25.231-b11 mixed mode windows-amd64 compressed oops)
Heap:
 PSYoungGen      total 222208K, used 46873K [0x00000000d6580000, 0x00000000e4980000, 0x0000000100000000)
  eden space 211456K, 22% used [0x00000000d6580000,0x00000000d9346528,0x00000000e3400000)
  from space 10752K, 0% used [0x00000000e3400000,0x00000000e3400000,0x00000000e3e80000)
  to   space 10752K, 0% used [0x00000000e3e80000,0x00000000e3e80000,0x00000000e4900000)
 ParOldGen       total 84480K, used 73653K [0x0000000083000000, 0x0000000088280000, 0x00000000d6580000)
  object space 84480K, 87% used [0x0000000083000000,0x00000000877ed628,0x0000000088280000)
 Metaspace       used 42002K, capacity 44310K, committed 44800K, reserved 1089536K
  class space    used 5460K, capacity 6520K, committed 6656K, reserved 1048576K
GC Heap History (10 events):
Event: 17.697 GC heap before
{Heap before GC invocations=26 (full 3):
 PSYoungGen      total 222208K, used 211840K [0x00000000d6580000, 0x00000000e4980000, 0x0000000100000000)
  eden space 211456K, 100% used [0x00000000d6580000,0x00000000e3400000,0x00000000e3400000)
  from space 10752K, 3% used [0x00000000e3e80000,0x00000000e3ee0000,0x00000000e4900000)
  to   space 10752K, 0% used [0x00000000e3400000,0x00000000e3400000,0x00000000e3e80000)
 ParOldGen       total 72704K, used 34862K [0x0000000083000000, 0x0000000087700000, 0x00000000d6580000)
  object space 72704K, 47% used [0x0000000083000000,0x000000008520bbb8,0x0000000087700000)
 Metaspace       used 36302K, capacity 38644K, committed 39040K, reserved 1085440K
  class space    used 4625K, capacity 5647K, committed 5760K, reserved 1048576K
Event: 17.699 GC heap after
Heap after GC invocations=26 (full 3):
 PSYoungGen      total 222208K, used 256K [0x00000000d6580000, 0x00000000e4980000, 0x0000000100000000)
  eden space 211456K, 0% used [0x00000000d6580000,0x00000000d6580000,0x00000000e3400000)
  from space 10752K, 2% used [0x00000000e3400000,0x00000000e3440000,0x00000000e3e80000)
  to   space 10752K, 0% used [0x00000000e3e80000,0x00000000e3e80000,0x00000000e4900000)
 ParOldGen       total 72704K, used 34886K [0x0000000083000000, 0x0000000087700000, 0x00000000d6580000)
  object space 72704K, 47% used [0x0000000083000000,0x0000000085211bb8,0x0000000087700000)
 Metaspace       used 36302K, capacity 38644K, committed 39040K, reserved 1085440K
  class space    used 4625K, capacity 5647K, committed 5760K, reserved 1048576K
}
Event: 17.722 GC heap before
{Heap before GC invocations=27 (full 3):
 PSYoungGen      total 222208K, used 211712K [0x00000000d6580000, 0x00000000e4980000, 0x0000000100000000)
  eden space 211456K, 100% used [0x00000000d6580000,0x00000000e3400000,0x00000000e3400000)
  from space 10752K, 2% used [0x00000000e3400000,0x00000000e3440000,0x00000000e3e80000)
  to   space 10752K, 0% used [0x00000000e3e80000,0x00000000e3e80000,0x00000000e4900000)
 ParOldGen       total 72704K, used 34886K [0x0000000083000000, 0x0000000087700000, 0x00000000d6580000)
  object space 72704K, 47% used [0x0000000083000000,0x0000000085211bb8,0x0000000087700000)
 Metaspace       used 36302K, capacity 38644K, committed 39040K, reserved 1085440K
  class space    used 4625K, capacity 5647K, committed 5760K, reserved 1048576K
Event: 17.723 GC heap after
Heap after GC invocations=27 (full 3):
 PSYoungGen      total 222208K, used 288K [0x00000000d6580000, 0x00000000e4980000, 0x0000000100000000)
  eden space 211456K, 0% used [0x00000000d6580000,0x00000000d6580000,0x00000000e3400000)
  from space 10752K, 2% used [0x00000000e3e80000,0x00000000e3ec8000,0x00000000e4900000)
  to   space 10752K, 0% used [0x00000000e3400000,0x00000000e3400000,0x00000000e3e80000)
 ParOldGen       total 72704K, used 34902K [0x0000000083000000, 0x0000000087700000, 0x00000000d6580000)
  object space 72704K, 48% used [0x0000000083000000,0x0000000085215bb8,0x0000000087700000)
 Metaspace       used 36302K, capacity 38644K, committed 39040K, reserved 1085440K
  class space    used 4625K, capacity 5647K, committed 5760K, reserved 1048576K
}
Event: 18.409 GC heap before
{Heap before GC invocations=28 (full 3):
 PSYoungGen      total 222208K, used 211744K [0x00000000d6580000, 0x00000000e4980000, 0x0000000100000000)
  eden space 211456K, 100% used [0x00000000d6580000,0x00000000e3400000,0x00000000e3400000)
  from space 10752K, 2% used [0x00000000e3e80000,0x00000000e3ec8000,0x00000000e4900000)
  to   space 10752K, 0% used [0x00000000e3400000,0x00000000e3400000,0x00000000e3e80000)
 ParOldGen       total 72704K, used 34902K [0x0000000083000000, 0x0000000087700000, 0x00000000d6580000)
  object space 72704K, 48% used [0x0000000083000000,0x0000000085215bb8,0x0000000087700000)
 Metaspace       used 38560K, capacity 40910K, committed 41088K, reserved 1085440K
  class space    used 4954K, capacity 6008K, committed 6016K, reserved 1048576K
Event: 18.414 GC heap after
Heap after GC invocations=28 (full 3):
 PSYoungGen      total 222208K, used 6201K [0x00000000d6580000, 0x00000000e4980000, 0x0000000100000000)
  eden space 211456K, 0% used [0x00000000d6580000,0x00000000d6580000,0x00000000e3400000)
  from space 10752K, 57% used [0x00000000e3400000,0x00000000e3a0e498,0x00000000e3e80000)
  to   space 10752K, 0% used [0x00000000e3e80000,0x00000000e3e80000,0x00000000e4900000)
 ParOldGen       total 72704K, used 34918K [0x0000000083000000, 0x0000000087700000, 0x00000000d6580000)
  object space 72704K, 48% used [0x0000000083000000,0x0000000085219bb8,0x0000000087700000)
 Metaspace       used 38560K, capacity 40910K, committed 41088K, reserved 1085440K
  class space    used 4954K, capacity 6008K, committed 6016K, reserved 1048576K
}
Event: 19.266 GC heap before
{Heap before GC invocations=29 (full 3):
 PSYoungGen      total 222208K, used 205613K [0x00000000d6580000, 0x00000000e4980000, 0x0000000100000000)
  eden space 211456K, 94% used [0x00000000d6580000,0x00000000e283cfd0,0x00000000e3400000)
  from space 10752K, 57% used [0x00000000e3400000,0x00000000e3a0e498,0x00000000e3e80000)
  to   space 10752K, 0% used [0x00000000e3e80000,0x00000000e3e80000,0x00000000e4900000)
 ParOldGen       total 72704K, used 34918K [0x0000000083000000, 0x0000000087700000, 0x00000000d6580000)
  object space 72704K, 48% used [0x0000000083000000,0x0000000085219bb8,0x0000000087700000)
 Metaspace       used 42054K, capacity 44498K, committed 44800K, reserved 1089536K
  class space    used 5468K, capacity 6532K, committed 6656K, reserved 1048576K
Event: 19.359 GC heap after
Heap after GC invocations=29 (full 3):
 PSYoungGen      total 222208K, used 205613K [0x00000000d6580000, 0x00000000e4980000, 0x0000000100000000)
  eden space 211456K, 94% used [0x00000000d6580000,0x00000000e283cfd0,0x00000000e3400000)
  from space 10752K, 57% used [0x00000000e3400000,0x00000000e3a0e498,0x00000000e3e80000)
  to   space 10752K, 99% used [0x00000000e3e80000,0x00000000e48ff928,0x00000000e4900000)
 ParOldGen       total 84480K, used 84437K [0x0000000083000000, 0x0000000088280000, 0x00000000d6580000)
  object space 84480K, 99% used [0x0000000083000000,0x00000000882757b8,0x0000000088280000)
 Metaspace       used 42054K, capacity 44498K, committed 44800K, reserved 1089536K
  class space    used 5468K, capacity 6532K, committed 6656K, reserved 1048576K
}
Event: 19.359 GC heap before
{Heap before GC invocations=30 (full 4):
 PSYoungGen      total 222208K, used 205613K [0x00000000d6580000, 0x00000000e4980000, 0x0000000100000000)
  eden space 211456K, 94% used [0x00000000d6580000,0x00000000e283cfd0,0x00000000e3400000)
  from space 10752K, 57% used [0x00000000e3400000,0x00000000e3a0e498,0x00000000e3e80000)
  to   space 10752K, 99% used [0x00000000e3e80000,0x00000000e48ff928,0x00000000e4900000)
 ParOldGen       total 84480K, used 84437K [0x0000000083000000, 0x0000000088280000, 0x00000000d6580000)
  object space 84480K, 99% used [0x0000000083000000,0x00000000882757b8,0x0000000088280000)
 Metaspace       used 42054K, capacity 44498K, committed 44800K, reserved 1089536K
  class space    used 5468K, capacity 6532K, committed 6656K, reserved 1048576K
Event: 20.021 GC heap after
Heap after GC invocations=30 (full 4):
 PSYoungGen      total 222208K, used 25457K [0x00000000d6580000, 0x00000000e4980000, 0x0000000100000000)
  eden space 211456K, 12% used [0x00000000d6580000,0x00000000d7e5c6b8,0x00000000e3400000)
  from space 10752K, 0% used [0x00000000e3400000,0x00000000e3400000,0x00000000e3e80000)
  to   space 10752K, 0% used [0x00000000e3e80000,0x00000000e3e80000,0x00000000e4900000)
 ParOldGen       total 84480K, used 73653K [0x0000000083000000, 0x0000000088280000, 0x00000000d6580000)
  object space 84480K, 87% used [0x0000000083000000,0x00000000877ed628,0x0000000088280000)
 Metaspace       used 41937K, capacity 44246K, committed 44800K, reserved 1089536K
  class space    used 5459K, capacity 6520K, committed 6656K, reserved 1048576K
}

